[2m2022-11-17T21:33:20.312966Z[0m [32m INFO[0m [2mstacks_network::chains_coordinator[0m[2m:[0m Checking contracts
[2m2022-11-17T21:33:20.329640Z[0m [32m INFO[0m [2mstacks_network[0m[2m:[0m Starting Devnet
[2m2022-11-17T21:33:20.330469Z[0m [32m INFO[0m [2mchainhook_event_observer::observer[0m[2m:[0m Event observer starting with config EventObserverConfig { normalization_enabled: true, grpc_server_enabled: false, hooks_enabled: true, initial_hook_formation: Some(HookFormation { stacks_chainhooks: [], bitcoin_chainhooks: [] }), bitcoin_rpc_proxy_enabled: true, event_handlers: [], ingestion_port: 20445, control_port: 20446, bitcoin_node_username: "devnet", bitcoin_node_password: "devnet", bitcoin_node_rpc_url: "http://localhost:18443", stacks_node_rpc_url: "http://localhost:20443", operators: {}, display_logs: true }    
[2m2022-11-17T21:33:20.337888Z[0m [32m INFO[0m [2mrocket::launch[0m[2m:[0m Configured for release.    
[2m2022-11-17T21:33:20.337896Z[0m [32m INFO[0m [2mrocket::launch_[0m[2m:[0m address: 0.0.0.0    
[2m2022-11-17T21:33:20.337897Z[0m [32m INFO[0m [2mrocket::launch_[0m[2m:[0m port: 20446    
[2m2022-11-17T21:33:20.337898Z[0m [32m INFO[0m [2mrocket::launch_[0m[2m:[0m workers: 1    
[2m2022-11-17T21:33:20.337899Z[0m [32m INFO[0m [2mrocket::launch_[0m[2m:[0m ident: Rocket    
[2m2022-11-17T21:33:20.337900Z[0m [32m INFO[0m [2mrocket::launch_[0m[2m:[0m limits: bytes = 8KiB, data-form = 2MiB, file = 1MiB, form = 32KiB, json = 1MiB, msgpack = 1MiB, string = 8KiB    
[2m2022-11-17T21:33:20.337902Z[0m [32m INFO[0m [2mrocket::launch_[0m[2m:[0m temp dir: /var/folders/9h/j4jd1v_s4csgc_kf7n1_lh0w0000gn/T/    
[2m2022-11-17T21:33:20.337903Z[0m [32m INFO[0m [2mrocket::launch_[0m[2m:[0m http/2: true    
[2m2022-11-17T21:33:20.337903Z[0m [32m INFO[0m [2mrocket::launch_[0m[2m:[0m keep-alive: 5s    
[2m2022-11-17T21:33:20.337904Z[0m [32m INFO[0m [2mrocket::launch_[0m[2m:[0m tls: disabled    
[2m2022-11-17T21:33:20.337905Z[0m [32m INFO[0m [2mrocket::launch_[0m[2m:[0m shutdown: ctrlc = true, force = true, signals = [SIGTERM], grace = 2s, mercy = 3s    
[2m2022-11-17T21:33:20.337907Z[0m [32m INFO[0m [2mrocket::launch_[0m[2m:[0m log level: debug    
[2m2022-11-17T21:33:20.337907Z[0m [32m INFO[0m [2mrocket::launch_[0m[2m:[0m cli colors: false    
[2m2022-11-17T21:33:20.337919Z[0m [32m INFO[0m [2mrocket::launch[0m[2m:[0m Routes:    
[2m2022-11-17T21:33:20.337935Z[0m [32m INFO[0m [2mrocket::launch_[0m[2m:[0m (handle_ping) GET /ping application/json    
[2m2022-11-17T21:33:20.337936Z[0m [32m INFO[0m [2mrocket::launch_[0m[2m:[0m GET /openapi.json    
[2m2022-11-17T21:33:20.337937Z[0m [32m INFO[0m [2mrocket::launch_[0m[2m:[0m (handle_get_hooks) GET /v1/chainhooks application/json    
[2m2022-11-17T21:33:20.337938Z[0m [32m INFO[0m [2mrocket::launch_[0m[2m:[0m (handle_create_hook) POST /v1/chainhooks application/json    
[2m2022-11-17T21:33:20.337939Z[0m [32m INFO[0m [2mrocket::launch_[0m[2m:[0m (handle_delete_stacks_hook) DELETE /v1/chainhooks/stacks/<hook_uuid> application/json    
[2m2022-11-17T21:33:20.337940Z[0m [32m INFO[0m [2mrocket::launch_[0m[2m:[0m (handle_delete_bitcoin_hook) DELETE /v1/chainhooks/bitcoin/<hook_uuid> application/json    
[2m2022-11-17T21:33:20.337942Z[0m [32m INFO[0m [2mrocket::launch[0m[2m:[0m Fairings:    
[2m2022-11-17T21:33:20.337942Z[0m [32m INFO[0m [2mrocket::launch_[0m[2m:[0m Shield (liftoff, response, singleton)    
[2m2022-11-17T21:33:20.338502Z[0m [32m INFO[0m [2mrocket::shield::shield[0m[2m:[0m Shield:    
[2m2022-11-17T21:33:20.338505Z[0m [32m INFO[0m [2m_[0m[2m:[0m X-Frame-Options: SAMEORIGIN    
[2m2022-11-17T21:33:20.338506Z[0m [32m INFO[0m [2m_[0m[2m:[0m X-Content-Type-Options: nosniff    
[2m2022-11-17T21:33:20.338506Z[0m [32m INFO[0m [2m_[0m[2m:[0m Permissions-Policy: interest-cohort=()    
[2m2022-11-17T21:33:20.338529Z[0m [32m INFO[0m [2mrocket::launch[0m[2m:[0m Rocket has launched from http://0.0.0.0:20446    
[2m2022-11-17T21:33:20.344643Z[0m [32m INFO[0m [2mrocket::launch[0m[2m:[0m Configured for release.    
[2m2022-11-17T21:33:20.344647Z[0m [32m INFO[0m [2mrocket::launch_[0m[2m:[0m address: 0.0.0.0    
[2m2022-11-17T21:33:20.344648Z[0m [32m INFO[0m [2mrocket::launch_[0m[2m:[0m port: 20445    
[2m2022-11-17T21:33:20.344649Z[0m [32m INFO[0m [2mrocket::launch_[0m[2m:[0m workers: 3    
[2m2022-11-17T21:33:20.344650Z[0m [32m INFO[0m [2mrocket::launch_[0m[2m:[0m ident: Rocket    
[2m2022-11-17T21:33:20.344651Z[0m [32m INFO[0m [2mrocket::launch_[0m[2m:[0m limits: bytes = 8KiB, data-form = 2MiB, file = 1MiB, form = 32KiB, json = 4MB, msgpack = 1MiB, string = 8KiB    
[2m2022-11-17T21:33:20.344653Z[0m [32m INFO[0m [2mrocket::launch_[0m[2m:[0m temp dir: /var/folders/9h/j4jd1v_s4csgc_kf7n1_lh0w0000gn/T/    
[2m2022-11-17T21:33:20.344654Z[0m [32m INFO[0m [2mrocket::launch_[0m[2m:[0m http/2: true    
[2m2022-11-17T21:33:20.344654Z[0m [32m INFO[0m [2mrocket::launch_[0m[2m:[0m keep-alive: 5s    
[2m2022-11-17T21:33:20.344655Z[0m [32m INFO[0m [2mrocket::launch_[0m[2m:[0m tls: disabled    
[2m2022-11-17T21:33:20.344656Z[0m [32m INFO[0m [2mrocket::launch_[0m[2m:[0m shutdown: ctrlc = true, force = true, signals = [SIGTERM], grace = 2s, mercy = 3s    
[2m2022-11-17T21:33:20.344657Z[0m [32m INFO[0m [2mrocket::launch_[0m[2m:[0m log level: debug    
[2m2022-11-17T21:33:20.344658Z[0m [32m INFO[0m [2mrocket::launch_[0m[2m:[0m cli colors: false    
[2m2022-11-17T21:33:20.344667Z[0m [32m INFO[0m [2mrocket::launch[0m[2m:[0m Routes:    
[2m2022-11-17T21:33:20.344672Z[0m [32m INFO[0m [2mrocket::launch_[0m[2m:[0m (handle_bitcoin_rpc_call) POST / application/json    
[2m2022-11-17T21:33:20.344673Z[0m [32m INFO[0m [2mrocket::launch_[0m[2m:[0m (handle_ping) GET /ping application/json    
[2m2022-11-17T21:33:20.344674Z[0m [32m INFO[0m [2mrocket::launch_[0m[2m:[0m (handle_new_stacks_block) POST /new_block application/json    
[2m2022-11-17T21:33:20.344675Z[0m [32m INFO[0m [2mrocket::launch_[0m[2m:[0m (handle_mined_block) POST /mined_block application/json    
[2m2022-11-17T21:33:20.344676Z[0m [32m INFO[0m [2mrocket::launch_[0m[2m:[0m (handle_new_bitcoin_block) POST /new_burn_block application/json    
[2m2022-11-17T21:33:20.344676Z[0m [32m INFO[0m [2mrocket::launch_[0m[2m:[0m (handle_new_mempool_tx) POST /new_mempool_tx application/json    
[2m2022-11-17T21:33:20.344677Z[0m [32m INFO[0m [2mrocket::launch_[0m[2m:[0m (handle_new_microblocks) POST /new_microblocks application/json    
[2m2022-11-17T21:33:20.344678Z[0m [32m INFO[0m [2mrocket::launch_[0m[2m:[0m (handle_drop_mempool_tx) POST /drop_mempool_tx application/json    
[2m2022-11-17T21:33:20.344679Z[0m [32m INFO[0m [2mrocket::launch_[0m[2m:[0m (handle_mined_microblock) POST /mined_microblock application/json    
[2m2022-11-17T21:33:20.344680Z[0m [32m INFO[0m [2mrocket::launch_[0m[2m:[0m (handle_new_attachement) POST /attachments/new application/json    
[2m2022-11-17T21:33:20.344681Z[0m [32m INFO[0m [2mrocket::launch[0m[2m:[0m Fairings:    
[2m2022-11-17T21:33:20.344682Z[0m [32m INFO[0m [2mrocket::launch_[0m[2m:[0m Shield (liftoff, response, singleton)    
[2m2022-11-17T21:33:20.344712Z[0m [32m INFO[0m [2mrocket::shield::shield[0m[2m:[0m Shield:    
[2m2022-11-17T21:33:20.344715Z[0m [32m INFO[0m [2m_[0m[2m:[0m Permissions-Policy: interest-cohort=()    
[2m2022-11-17T21:33:20.344716Z[0m [32m INFO[0m [2m_[0m[2m:[0m X-Frame-Options: SAMEORIGIN    
[2m2022-11-17T21:33:20.344716Z[0m [32m INFO[0m [2m_[0m[2m:[0m X-Content-Type-Options: nosniff    
[2m2022-11-17T21:33:20.344718Z[0m [32m INFO[0m [2mrocket::launch[0m[2m:[0m Rocket has launched from http://0.0.0.0:20445    
[2m2022-11-17T21:33:20.365526Z[0m [32m INFO[0m [2mstacks_network::ui::app[0m[2m:[0m Initiating Devnet boot sequence (working_dir: /Users/deployer/Desktop/StacksDegens/smart-contracts/sft-basic/.\.cache/stacks-devnet-1668720800)
[2m2022-11-17T21:33:20.366953Z[0m [32m INFO[0m [2mstacks_network::ui::app[0m[2m:[0m Creating network sft-basic.devnet
[2m2022-11-17T21:33:20.409686Z[0m [32m INFO[0m [2mstacks_network::ui::app[0m[2m:[0m Starting bitcoin-node
[2m2022-11-17T21:33:23.685355Z[0m [33m WARN[0m [2mstacks_network::ui::app[0m[2m:[0m Ctrl+C received, initiating termination sequence.
[2m2022-11-17T21:33:23.685890Z[0m [32m INFO[0m [2mchainhook_event_observer::observer[0m[2m:[0m Handling Termination command    
[2m2022-11-17T21:33:23.851831Z[0m [33m WARN[0m [2mrocket::server[0m[2m:[0m Received SIGINT. Requesting shutdown.    
[2m2022-11-17T21:33:23.851875Z[0m [32m INFO[0m [2mrocket::server[0m[2m:[0m Shutdown requested. Waiting for pending I/O...    
[2m2022-11-17T21:33:23.851873Z[0m [33m WARN[0m [2mrocket::server[0m[2m:[0m Received SIGINT. Requesting shutdown.    
[2m2022-11-17T21:33:23.851913Z[0m [32m INFO[0m [2mrocket::server[0m[2m:[0m Graceful shutdown completed successfully.    
[2m2022-11-17T21:33:23.851921Z[0m [32m INFO[0m [2mrocket::server[0m[2m:[0m Shutdown requested. Waiting for pending I/O...    
[2m2022-11-17T21:33:23.851934Z[0m [32m INFO[0m [2mrocket::server[0m[2m:[0m Graceful shutdown completed successfully.    
[2m2022-11-17T21:33:37.405445Z[0m [32m INFO[0m [2mstacks_network::orchestrator[0m[2m:[0m Created container bitcoin-node: d9be16af18064a3020120c2d106087a82d4ed18dbacdeddbb9f9a1201aab031e
